Build started 2014/06/01 23:05:40.
     1>Project "C:\Users\Clara\SkyDrive\Visual Studio 2010\Projects\sxenextract_dll\[GM8] sxenextract_dll\[GM8] sxenextract_dll.vcxproj" on node 2 (build target(s)).
     1>InitializeBuildStatus:
         Creating "Debug\[GM8] sxenextract_dll.unsuccessfulbuild" because "AlwaysCreate" was specified.
       ClCompile:
         C:\Program Files (x86)\Microsoft Visual Studio 10.0\VC\bin\CL.exe /c /ZI /nologo /W3 /WX- /Od /Oy- /D _WINDLL /D _MBCS /Gm /EHsc /RTC1 /MDd /GS /fp:precise /Zc:wchar_t /Zc:forScope /Fo"Debug\\" /Fd"Debug\vc100.pdb" /Gd /TP /analyze- /errorReport:prompt sxenextract.cpp
         sxenextract.cpp
     1>c:\users\clara\skydrive\visual studio 2010\projects\sxenextract_dll\[gm8] sxenextract_dll\sxenextract.cpp(40): warning C4244: '+=' : conversion from 'double' to 'unsigned int', possible loss of data
       Link:
         C:\Program Files (x86)\Microsoft Visual Studio 10.0\VC\bin\link.exe /ERRORREPORT:PROMPT /OUT:"C:\Users\Clara\SkyDrive\Visual Studio 2010\Projects\sxenextract_dll\Debug\[GM8] sxenextract_dll.dll" /NOLOGO kernel32.lib user32.lib gdi32.lib winspool.lib comdlg32.lib advapi32.lib shell32.lib ole32.lib oleaut32.lib uuid.lib odbc32.lib odbccp32.lib /MANIFEST /ManifestFile:"Debug\[GM8] sxenextract_dll.dll.intermediate.manifest" /MANIFESTUAC:"level='asInvoker' uiAccess='false'" /DEBUG /PDB:"C:\Users\Clara\SkyDrive\Visual Studio 2010\Projects\sxenextract_dll\Debug\[GM8] sxenextract_dll.pdb" /TLBID:1 /DYNAMICBASE /NXCOMPAT /IMPLIB:"C:\Users\Clara\SkyDrive\Visual Studio 2010\Projects\sxenextract_dll\Debug\[GM8] sxenextract_dll.lib" /MACHINE:X86 /DLL Debug\sxenextract.obj
         LINK : C:\Users\Clara\SkyDrive\Visual Studio 2010\Projects\sxenextract_dll\Debug\[GM8] sxenextract_dll.dll not found or not built by the last incremental link; performing full link
            Creating library C:\Users\Clara\SkyDrive\Visual Studio 2010\Projects\sxenextract_dll\Debug\[GM8] sxenextract_dll.lib and object C:\Users\Clara\SkyDrive\Visual Studio 2010\Projects\sxenextract_dll\Debug\[GM8] sxenextract_dll.exp
         [GM8] sxenextract_dll.vcxproj -> C:\Users\Clara\SkyDrive\Visual Studio 2010\Projects\sxenextract_dll\Debug\[GM8] sxenextract_dll.dll
       Manifest:
         C:\Program Files (x86)\Microsoft SDKs\Windows\v7.0A\bin\mt.exe /nologo /verbose /outputresource:"C:\Users\Clara\SkyDrive\Visual Studio 2010\Projects\sxenextract_dll\Debug\[GM8] sxenextract_dll.dll;#2" /manifest "Debug\[GM8] sxenextract_dll.dll.intermediate.manifest"
       FinalizeBuildStatus:
         Deleting file "Debug\[GM8] sxenextract_dll.unsuccessfulbuild".
         Touching "Debug\[GM8] sxenextract_dll.lastbuildstate".
     1>Done Building Project "C:\Users\Clara\SkyDrive\Visual Studio 2010\Projects\sxenextract_dll\[GM8] sxenextract_dll\[GM8] sxenextract_dll.vcxproj" (build target(s)).

Build succeeded.

Time Elapsed 00:00:01.34
